<?xml version="1.0" encoding="UTF-8"?>
<!-- Generated by org.testng.reporters.JUnitReportReporter -->
<testsuite hostname="EPBYMINW0918" name="factorymethod.TestFactoryMethod" tests="1" failures="0" timestamp="24 Jun 2015 11:46:16 GMT" time="51.126" errors="0">
  <testcase name="testYandex" time="51.126" classname="factorymethod.TestFactoryMethod"/>
</testsuite> <!-- factorymethod.TestFactoryMethod -->
